<?xml version="1.0" encoding="UTF-8"?>
<!-- Generated by org.testng.reporters.JUnitReportReporter -->
<testsuite hostname="MPARTHA" failures="0" tests="2" name="cucumber.TestNGTestRunner" time="61.677" errors="0" timestamp="2024-08-23T20:44:27 IST" skipped="0">
  <testcase classname="cucumber.TestNGTestRunner" name="runScenario" time="30.721"/>
  <system-out/>
  <testcase classname="cucumber.TestNGTestRunner" name="runScenario" time="30.956"/>
  <system-out/>
</testsuite> <!-- cucumber.TestNGTestRunner -->
