<?xml version="1.0" encoding="UTF-8"?>
<!-- Generated by org.testng.reporters.JUnitReportReporter -->
<testsuite hostname="MPARTHA" failures="0" tests="2" name="cucumber.TestNGTestRunner" time="48.103" errors="0" timestamp="2024-08-23T20:58:37 IST" skipped="0">
  <testcase classname="cucumber.TestNGTestRunner" name="runScenario" time="17.483"/>
  <testcase classname="cucumber.TestNGTestRunner" name="runScenario" time="30.620"/>
</testsuite> <!-- cucumber.TestNGTestRunner -->
